[0.125s] DEBUG:colcon:Command line arguments: ['/home/rafal/.local/bin/colcon', 'list', '-p', '--base-paths', '/home/rafal/hike_grid']
[0.125s] DEBUG:colcon:Parsed command line arguments: Namespace(log_base=None, log_level=None, verb_name='list', build_base='build', ignore_user_meta=False, metas=['./colcon.meta'], base_paths=['/home/rafal/hike_grid'], packages_ignore=None, packages_ignore_regex=None, paths=None, packages_up_to=None, packages_up_to_regex=None, packages_above=None, packages_above_and_dependencies=None, packages_above_depth=None, packages_select_by_dep=None, packages_skip_by_dep=None, packages_skip_up_to=None, packages_select_build_failed=False, packages_skip_build_finished=False, packages_select_test_failures=False, packages_skip_test_passed=False, packages_select=None, packages_skip=None, packages_select_regex=None, packages_skip_regex=None, packages_start=None, packages_end=None, allow_overriding=[], topological_order=False, names_only=False, paths_only=True, topological_graph=False, topological_graph_dot=False, topological_graph_density=False, topological_graph_legend=False, topological_graph_dot_cluster=False, topological_graph_dot_include_skipped=False, mixin_files=None, mixin=None, verb_parser=<colcon_mixin.mixin.mixin_argument.MixinArgumentDecorator object at 0x7b71f4a64580>, verb_extension=<colcon_package_information.verb.list.ListVerb object at 0x7b71f4a23340>, main=<bound method ListVerb.main of <colcon_package_information.verb.list.ListVerb object at 0x7b71f4a23340>>, mixin_verb=('list',))
[0.281s] Level 1:colcon.colcon_core.package_discovery:discover_packages(colcon_meta) check parameters
[0.281s] Level 1:colcon.colcon_core.package_discovery:discover_packages(recursive) check parameters
[0.281s] Level 1:colcon.colcon_core.package_discovery:discover_packages(ignore) check parameters
[0.281s] Level 1:colcon.colcon_core.package_discovery:discover_packages(path) check parameters
[0.281s] Level 1:colcon.colcon_core.package_discovery:discover_packages(recursive) discover
[0.281s] INFO:colcon.colcon_core.package_discovery:Crawling recursively for packages in '/home/rafal/hike_grid'
[0.281s] Level 1:colcon.colcon_core.package_identification:_identify(/home/rafal/hike_grid) by extensions ['ignore', 'ignore_ament_install']
[0.281s] Level 1:colcon.colcon_core.package_identification:_identify(/home/rafal/hike_grid) by extension 'ignore'
[0.281s] Level 1:colcon.colcon_core.package_identification:_identify(/home/rafal/hike_grid) by extension 'ignore_ament_install'
[0.281s] Level 1:colcon.colcon_core.package_identification:_identify(/home/rafal/hike_grid) by extensions ['colcon_pkg']
[0.281s] Level 1:colcon.colcon_core.package_identification:_identify(/home/rafal/hike_grid) by extension 'colcon_pkg'
[0.281s] Level 1:colcon.colcon_core.package_identification:_identify(/home/rafal/hike_grid) by extensions ['colcon_meta']
[0.281s] Level 1:colcon.colcon_core.package_identification:_identify(/home/rafal/hike_grid) by extension 'colcon_meta'
[0.281s] Level 1:colcon.colcon_core.package_identification:_identify(/home/rafal/hike_grid) by extensions ['ros']
[0.281s] Level 1:colcon.colcon_core.package_identification:_identify(/home/rafal/hike_grid) by extension 'ros'
[0.290s] Level 1:colcon.colcon_core.package_identification:_identify(/home/rafal/hike_grid) by extensions ['cmake', 'python']
[0.290s] Level 1:colcon.colcon_core.package_identification:_identify(/home/rafal/hike_grid) by extension 'cmake'
[0.290s] Level 1:colcon.colcon_core.package_identification:_identify(/home/rafal/hike_grid) by extension 'python'
[0.290s] Level 1:colcon.colcon_core.package_identification:_identify(/home/rafal/hike_grid) by extensions ['python_setup_py']
[0.290s] Level 1:colcon.colcon_core.package_identification:_identify(/home/rafal/hike_grid) by extension 'python_setup_py'
[0.290s] Level 1:colcon.colcon_core.package_identification:_identify(/home/rafal/hike_grid/log) by extensions ['ignore', 'ignore_ament_install']
[0.290s] Level 1:colcon.colcon_core.package_identification:_identify(/home/rafal/hike_grid/log) by extension 'ignore'
[0.290s] Level 1:colcon.colcon_core.package_identification:_identify(/home/rafal/hike_grid/log) ignored
[0.290s] Level 1:colcon.colcon_core.package_identification:_identify(/home/rafal/hike_grid/src) by extensions ['ignore', 'ignore_ament_install']
[0.290s] Level 1:colcon.colcon_core.package_identification:_identify(/home/rafal/hike_grid/src) by extension 'ignore'
[0.290s] Level 1:colcon.colcon_core.package_identification:_identify(/home/rafal/hike_grid/src) by extension 'ignore_ament_install'
[0.290s] Level 1:colcon.colcon_core.package_identification:_identify(/home/rafal/hike_grid/src) by extensions ['colcon_pkg']
[0.290s] Level 1:colcon.colcon_core.package_identification:_identify(/home/rafal/hike_grid/src) by extension 'colcon_pkg'
[0.290s] Level 1:colcon.colcon_core.package_identification:_identify(/home/rafal/hike_grid/src) by extensions ['colcon_meta']
[0.290s] Level 1:colcon.colcon_core.package_identification:_identify(/home/rafal/hike_grid/src) by extension 'colcon_meta'
[0.290s] Level 1:colcon.colcon_core.package_identification:_identify(/home/rafal/hike_grid/src) by extensions ['ros']
[0.290s] Level 1:colcon.colcon_core.package_identification:_identify(/home/rafal/hike_grid/src) by extension 'ros'
[0.290s] Level 1:colcon.colcon_core.package_identification:_identify(/home/rafal/hike_grid/src) by extensions ['cmake', 'python']
[0.290s] Level 1:colcon.colcon_core.package_identification:_identify(/home/rafal/hike_grid/src) by extension 'cmake'
[0.290s] Level 1:colcon.colcon_core.package_identification:_identify(/home/rafal/hike_grid/src) by extension 'python'
[0.291s] Level 1:colcon.colcon_core.package_identification:_identify(/home/rafal/hike_grid/src) by extensions ['python_setup_py']
[0.291s] Level 1:colcon.colcon_core.package_identification:_identify(/home/rafal/hike_grid/src) by extension 'python_setup_py'
[0.291s] Level 1:colcon.colcon_core.package_identification:_identify(/home/rafal/hike_grid/src/trailblazer_bringup) by extensions ['ignore', 'ignore_ament_install']
[0.291s] Level 1:colcon.colcon_core.package_identification:_identify(/home/rafal/hike_grid/src/trailblazer_bringup) by extension 'ignore'
[0.291s] Level 1:colcon.colcon_core.package_identification:_identify(/home/rafal/hike_grid/src/trailblazer_bringup) by extension 'ignore_ament_install'
[0.291s] Level 1:colcon.colcon_core.package_identification:_identify(/home/rafal/hike_grid/src/trailblazer_bringup) by extensions ['colcon_pkg']
[0.291s] Level 1:colcon.colcon_core.package_identification:_identify(/home/rafal/hike_grid/src/trailblazer_bringup) by extension 'colcon_pkg'
[0.291s] Level 1:colcon.colcon_core.package_identification:_identify(/home/rafal/hike_grid/src/trailblazer_bringup) by extensions ['colcon_meta']
[0.291s] Level 1:colcon.colcon_core.package_identification:_identify(/home/rafal/hike_grid/src/trailblazer_bringup) by extension 'colcon_meta'
[0.291s] Level 1:colcon.colcon_core.package_identification:_identify(/home/rafal/hike_grid/src/trailblazer_bringup) by extensions ['ros']
[0.291s] Level 1:colcon.colcon_core.package_identification:_identify(/home/rafal/hike_grid/src/trailblazer_bringup) by extension 'ros'
[0.293s] DEBUG:colcon.colcon_core.package_identification:Package '/home/rafal/hike_grid/src/trailblazer_bringup' with type 'ros.ament_python' and name 'trailblazer_bringup'
[0.293s] Level 1:colcon.colcon_core.package_identification:_identify(/home/rafal/hike_grid/src/trailblazer_cloud) by extensions ['ignore', 'ignore_ament_install']
[0.293s] Level 1:colcon.colcon_core.package_identification:_identify(/home/rafal/hike_grid/src/trailblazer_cloud) by extension 'ignore'
[0.293s] Level 1:colcon.colcon_core.package_identification:_identify(/home/rafal/hike_grid/src/trailblazer_cloud) by extension 'ignore_ament_install'
[0.293s] Level 1:colcon.colcon_core.package_identification:_identify(/home/rafal/hike_grid/src/trailblazer_cloud) by extensions ['colcon_pkg']
[0.293s] Level 1:colcon.colcon_core.package_identification:_identify(/home/rafal/hike_grid/src/trailblazer_cloud) by extension 'colcon_pkg'
[0.293s] Level 1:colcon.colcon_core.package_identification:_identify(/home/rafal/hike_grid/src/trailblazer_cloud) by extensions ['colcon_meta']
[0.294s] Level 1:colcon.colcon_core.package_identification:_identify(/home/rafal/hike_grid/src/trailblazer_cloud) by extension 'colcon_meta'
[0.294s] Level 1:colcon.colcon_core.package_identification:_identify(/home/rafal/hike_grid/src/trailblazer_cloud) by extensions ['ros']
[0.294s] Level 1:colcon.colcon_core.package_identification:_identify(/home/rafal/hike_grid/src/trailblazer_cloud) by extension 'ros'
[0.295s] DEBUG:colcon.colcon_core.package_identification:Package '/home/rafal/hike_grid/src/trailblazer_cloud' with type 'ros.ament_cmake' and name 'trailblazer_cloud'
[0.295s] Level 1:colcon.colcon_core.package_identification:_identify(/home/rafal/hike_grid/src/trailblazer_gps) by extensions ['ignore', 'ignore_ament_install']
[0.295s] Level 1:colcon.colcon_core.package_identification:_identify(/home/rafal/hike_grid/src/trailblazer_gps) by extension 'ignore'
[0.295s] Level 1:colcon.colcon_core.package_identification:_identify(/home/rafal/hike_grid/src/trailblazer_gps) by extension 'ignore_ament_install'
[0.295s] Level 1:colcon.colcon_core.package_identification:_identify(/home/rafal/hike_grid/src/trailblazer_gps) by extensions ['colcon_pkg']
[0.295s] Level 1:colcon.colcon_core.package_identification:_identify(/home/rafal/hike_grid/src/trailblazer_gps) by extension 'colcon_pkg'
[0.295s] Level 1:colcon.colcon_core.package_identification:_identify(/home/rafal/hike_grid/src/trailblazer_gps) by extensions ['colcon_meta']
[0.295s] Level 1:colcon.colcon_core.package_identification:_identify(/home/rafal/hike_grid/src/trailblazer_gps) by extension 'colcon_meta'
[0.295s] Level 1:colcon.colcon_core.package_identification:_identify(/home/rafal/hike_grid/src/trailblazer_gps) by extensions ['ros']
[0.295s] Level 1:colcon.colcon_core.package_identification:_identify(/home/rafal/hike_grid/src/trailblazer_gps) by extension 'ros'
[0.296s] DEBUG:colcon.colcon_core.package_identification:Package '/home/rafal/hike_grid/src/trailblazer_gps' with type 'ros.ament_python' and name 'trailblazer_gps'
[0.296s] Level 1:colcon.colcon_core.package_identification:_identify(/home/rafal/hike_grid/src/trailblazer_nav2) by extensions ['ignore', 'ignore_ament_install']
[0.296s] Level 1:colcon.colcon_core.package_identification:_identify(/home/rafal/hike_grid/src/trailblazer_nav2) by extension 'ignore'
[0.296s] Level 1:colcon.colcon_core.package_identification:_identify(/home/rafal/hike_grid/src/trailblazer_nav2) by extension 'ignore_ament_install'
[0.296s] Level 1:colcon.colcon_core.package_identification:_identify(/home/rafal/hike_grid/src/trailblazer_nav2) by extensions ['colcon_pkg']
[0.296s] Level 1:colcon.colcon_core.package_identification:_identify(/home/rafal/hike_grid/src/trailblazer_nav2) by extension 'colcon_pkg'
[0.296s] Level 1:colcon.colcon_core.package_identification:_identify(/home/rafal/hike_grid/src/trailblazer_nav2) by extensions ['colcon_meta']
[0.296s] Level 1:colcon.colcon_core.package_identification:_identify(/home/rafal/hike_grid/src/trailblazer_nav2) by extension 'colcon_meta'
[0.296s] Level 1:colcon.colcon_core.package_identification:_identify(/home/rafal/hike_grid/src/trailblazer_nav2) by extensions ['ros']
[0.296s] Level 1:colcon.colcon_core.package_identification:_identify(/home/rafal/hike_grid/src/trailblazer_nav2) by extension 'ros'
[0.297s] DEBUG:colcon.colcon_core.package_identification:Package '/home/rafal/hike_grid/src/trailblazer_nav2' with type 'ros.ament_python' and name 'trailblazer_nav2'
[0.297s] Level 1:colcon.colcon_core.package_identification:_identify(/home/rafal/hike_grid/src/trailblazer_rviz) by extensions ['ignore', 'ignore_ament_install']
[0.297s] Level 1:colcon.colcon_core.package_identification:_identify(/home/rafal/hike_grid/src/trailblazer_rviz) by extension 'ignore'
[0.297s] Level 1:colcon.colcon_core.package_identification:_identify(/home/rafal/hike_grid/src/trailblazer_rviz) by extension 'ignore_ament_install'
[0.297s] Level 1:colcon.colcon_core.package_identification:_identify(/home/rafal/hike_grid/src/trailblazer_rviz) by extensions ['colcon_pkg']
[0.297s] Level 1:colcon.colcon_core.package_identification:_identify(/home/rafal/hike_grid/src/trailblazer_rviz) by extension 'colcon_pkg'
[0.297s] Level 1:colcon.colcon_core.package_identification:_identify(/home/rafal/hike_grid/src/trailblazer_rviz) by extensions ['colcon_meta']
[0.297s] Level 1:colcon.colcon_core.package_identification:_identify(/home/rafal/hike_grid/src/trailblazer_rviz) by extension 'colcon_meta'
[0.297s] Level 1:colcon.colcon_core.package_identification:_identify(/home/rafal/hike_grid/src/trailblazer_rviz) by extensions ['ros']
[0.297s] Level 1:colcon.colcon_core.package_identification:_identify(/home/rafal/hike_grid/src/trailblazer_rviz) by extension 'ros'
[0.297s] DEBUG:colcon.colcon_core.package_identification:Package '/home/rafal/hike_grid/src/trailblazer_rviz' with type 'ros.ament_python' and name 'trailblazer_rviz'
[0.297s] Level 1:colcon.colcon_core.package_identification:_identify(/home/rafal/hike_grid/src/vendor) by extensions ['ignore', 'ignore_ament_install']
[0.297s] Level 1:colcon.colcon_core.package_identification:_identify(/home/rafal/hike_grid/src/vendor) by extension 'ignore'
[0.297s] Level 1:colcon.colcon_core.package_identification:_identify(/home/rafal/hike_grid/src/vendor) by extension 'ignore_ament_install'
[0.297s] Level 1:colcon.colcon_core.package_identification:_identify(/home/rafal/hike_grid/src/vendor) by extensions ['colcon_pkg']
[0.298s] Level 1:colcon.colcon_core.package_identification:_identify(/home/rafal/hike_grid/src/vendor) by extension 'colcon_pkg'
[0.298s] Level 1:colcon.colcon_core.package_identification:_identify(/home/rafal/hike_grid/src/vendor) by extensions ['colcon_meta']
[0.298s] Level 1:colcon.colcon_core.package_identification:_identify(/home/rafal/hike_grid/src/vendor) by extension 'colcon_meta'
[0.298s] Level 1:colcon.colcon_core.package_identification:_identify(/home/rafal/hike_grid/src/vendor) by extensions ['ros']
[0.298s] Level 1:colcon.colcon_core.package_identification:_identify(/home/rafal/hike_grid/src/vendor) by extension 'ros'
[0.298s] Level 1:colcon.colcon_core.package_identification:_identify(/home/rafal/hike_grid/src/vendor) by extensions ['cmake', 'python']
[0.298s] Level 1:colcon.colcon_core.package_identification:_identify(/home/rafal/hike_grid/src/vendor) by extension 'cmake'
[0.298s] Level 1:colcon.colcon_core.package_identification:_identify(/home/rafal/hike_grid/src/vendor) by extension 'python'
[0.298s] Level 1:colcon.colcon_core.package_identification:_identify(/home/rafal/hike_grid/src/vendor) by extensions ['python_setup_py']
[0.298s] Level 1:colcon.colcon_core.package_identification:_identify(/home/rafal/hike_grid/src/vendor) by extension 'python_setup_py'
[0.298s] Level 1:colcon.colcon_core.package_identification:_identify(/home/rafal/hike_grid/src/vendor/ldrobot-lidar-ros2) by extensions ['ignore', 'ignore_ament_install']
[0.298s] Level 1:colcon.colcon_core.package_identification:_identify(/home/rafal/hike_grid/src/vendor/ldrobot-lidar-ros2) by extension 'ignore'
[0.298s] Level 1:colcon.colcon_core.package_identification:_identify(/home/rafal/hike_grid/src/vendor/ldrobot-lidar-ros2) by extension 'ignore_ament_install'
[0.298s] Level 1:colcon.colcon_core.package_identification:_identify(/home/rafal/hike_grid/src/vendor/ldrobot-lidar-ros2) by extensions ['colcon_pkg']
[0.298s] Level 1:colcon.colcon_core.package_identification:_identify(/home/rafal/hike_grid/src/vendor/ldrobot-lidar-ros2) by extension 'colcon_pkg'
[0.298s] Level 1:colcon.colcon_core.package_identification:_identify(/home/rafal/hike_grid/src/vendor/ldrobot-lidar-ros2) by extensions ['colcon_meta']
[0.298s] Level 1:colcon.colcon_core.package_identification:_identify(/home/rafal/hike_grid/src/vendor/ldrobot-lidar-ros2) by extension 'colcon_meta'
[0.298s] Level 1:colcon.colcon_core.package_identification:_identify(/home/rafal/hike_grid/src/vendor/ldrobot-lidar-ros2) by extensions ['ros']
[0.298s] Level 1:colcon.colcon_core.package_identification:_identify(/home/rafal/hike_grid/src/vendor/ldrobot-lidar-ros2) by extension 'ros'
[0.298s] Level 1:colcon.colcon_core.package_identification:_identify(/home/rafal/hike_grid/src/vendor/ldrobot-lidar-ros2) by extensions ['cmake', 'python']
[0.298s] Level 1:colcon.colcon_core.package_identification:_identify(/home/rafal/hike_grid/src/vendor/ldrobot-lidar-ros2) by extension 'cmake'
[0.298s] Level 1:colcon.colcon_core.package_identification:_identify(/home/rafal/hike_grid/src/vendor/ldrobot-lidar-ros2) by extension 'python'
[0.298s] Level 1:colcon.colcon_core.package_identification:_identify(/home/rafal/hike_grid/src/vendor/ldrobot-lidar-ros2) by extensions ['python_setup_py']
[0.298s] Level 1:colcon.colcon_core.package_identification:_identify(/home/rafal/hike_grid/src/vendor/ldrobot-lidar-ros2) by extension 'python_setup_py'
[0.298s] Level 1:colcon.colcon_core.package_identification:_identify(/home/rafal/hike_grid/src/vendor/ldrobot-lidar-ros2/3d_model) by extensions ['ignore', 'ignore_ament_install']
[0.298s] Level 1:colcon.colcon_core.package_identification:_identify(/home/rafal/hike_grid/src/vendor/ldrobot-lidar-ros2/3d_model) by extension 'ignore'
[0.298s] Level 1:colcon.colcon_core.package_identification:_identify(/home/rafal/hike_grid/src/vendor/ldrobot-lidar-ros2/3d_model) by extension 'ignore_ament_install'
[0.299s] Level 1:colcon.colcon_core.package_identification:_identify(/home/rafal/hike_grid/src/vendor/ldrobot-lidar-ros2/3d_model) by extensions ['colcon_pkg']
[0.299s] Level 1:colcon.colcon_core.package_identification:_identify(/home/rafal/hike_grid/src/vendor/ldrobot-lidar-ros2/3d_model) by extension 'colcon_pkg'
[0.299s] Level 1:colcon.colcon_core.package_identification:_identify(/home/rafal/hike_grid/src/vendor/ldrobot-lidar-ros2/3d_model) by extensions ['colcon_meta']
[0.299s] Level 1:colcon.colcon_core.package_identification:_identify(/home/rafal/hike_grid/src/vendor/ldrobot-lidar-ros2/3d_model) by extension 'colcon_meta'
[0.299s] Level 1:colcon.colcon_core.package_identification:_identify(/home/rafal/hike_grid/src/vendor/ldrobot-lidar-ros2/3d_model) by extensions ['ros']
[0.299s] Level 1:colcon.colcon_core.package_identification:_identify(/home/rafal/hike_grid/src/vendor/ldrobot-lidar-ros2/3d_model) by extension 'ros'
[0.299s] Level 1:colcon.colcon_core.package_identification:_identify(/home/rafal/hike_grid/src/vendor/ldrobot-lidar-ros2/3d_model) by extensions ['cmake', 'python']
[0.299s] Level 1:colcon.colcon_core.package_identification:_identify(/home/rafal/hike_grid/src/vendor/ldrobot-lidar-ros2/3d_model) by extension 'cmake'
[0.299s] Level 1:colcon.colcon_core.package_identification:_identify(/home/rafal/hike_grid/src/vendor/ldrobot-lidar-ros2/3d_model) by extension 'python'
[0.299s] Level 1:colcon.colcon_core.package_identification:_identify(/home/rafal/hike_grid/src/vendor/ldrobot-lidar-ros2/3d_model) by extensions ['python_setup_py']
[0.299s] Level 1:colcon.colcon_core.package_identification:_identify(/home/rafal/hike_grid/src/vendor/ldrobot-lidar-ros2/3d_model) by extension 'python_setup_py'
[0.299s] Level 1:colcon.colcon_core.package_identification:_identify(/home/rafal/hike_grid/src/vendor/ldrobot-lidar-ros2/docs) by extensions ['ignore', 'ignore_ament_install']
[0.299s] Level 1:colcon.colcon_core.package_identification:_identify(/home/rafal/hike_grid/src/vendor/ldrobot-lidar-ros2/docs) by extension 'ignore'
[0.299s] Level 1:colcon.colcon_core.package_identification:_identify(/home/rafal/hike_grid/src/vendor/ldrobot-lidar-ros2/docs) by extension 'ignore_ament_install'
[0.299s] Level 1:colcon.colcon_core.package_identification:_identify(/home/rafal/hike_grid/src/vendor/ldrobot-lidar-ros2/docs) by extensions ['colcon_pkg']
[0.299s] Level 1:colcon.colcon_core.package_identification:_identify(/home/rafal/hike_grid/src/vendor/ldrobot-lidar-ros2/docs) by extension 'colcon_pkg'
[0.299s] Level 1:colcon.colcon_core.package_identification:_identify(/home/rafal/hike_grid/src/vendor/ldrobot-lidar-ros2/docs) by extensions ['colcon_meta']
[0.299s] Level 1:colcon.colcon_core.package_identification:_identify(/home/rafal/hike_grid/src/vendor/ldrobot-lidar-ros2/docs) by extension 'colcon_meta'
[0.299s] Level 1:colcon.colcon_core.package_identification:_identify(/home/rafal/hike_grid/src/vendor/ldrobot-lidar-ros2/docs) by extensions ['ros']
[0.299s] Level 1:colcon.colcon_core.package_identification:_identify(/home/rafal/hike_grid/src/vendor/ldrobot-lidar-ros2/docs) by extension 'ros'
[0.299s] Level 1:colcon.colcon_core.package_identification:_identify(/home/rafal/hike_grid/src/vendor/ldrobot-lidar-ros2/docs) by extensions ['cmake', 'python']
[0.299s] Level 1:colcon.colcon_core.package_identification:_identify(/home/rafal/hike_grid/src/vendor/ldrobot-lidar-ros2/docs) by extension 'cmake'
[0.299s] Level 1:colcon.colcon_core.package_identification:_identify(/home/rafal/hike_grid/src/vendor/ldrobot-lidar-ros2/docs) by extension 'python'
[0.299s] Level 1:colcon.colcon_core.package_identification:_identify(/home/rafal/hike_grid/src/vendor/ldrobot-lidar-ros2/docs) by extensions ['python_setup_py']
[0.299s] Level 1:colcon.colcon_core.package_identification:_identify(/home/rafal/hike_grid/src/vendor/ldrobot-lidar-ros2/docs) by extension 'python_setup_py'
[0.300s] Level 1:colcon.colcon_core.package_identification:_identify(/home/rafal/hike_grid/src/vendor/ldrobot-lidar-ros2/images) by extensions ['ignore', 'ignore_ament_install']
[0.300s] Level 1:colcon.colcon_core.package_identification:_identify(/home/rafal/hike_grid/src/vendor/ldrobot-lidar-ros2/images) by extension 'ignore'
[0.300s] Level 1:colcon.colcon_core.package_identification:_identify(/home/rafal/hike_grid/src/vendor/ldrobot-lidar-ros2/images) by extension 'ignore_ament_install'
[0.300s] Level 1:colcon.colcon_core.package_identification:_identify(/home/rafal/hike_grid/src/vendor/ldrobot-lidar-ros2/images) by extensions ['colcon_pkg']
[0.300s] Level 1:colcon.colcon_core.package_identification:_identify(/home/rafal/hike_grid/src/vendor/ldrobot-lidar-ros2/images) by extension 'colcon_pkg'
[0.300s] Level 1:colcon.colcon_core.package_identification:_identify(/home/rafal/hike_grid/src/vendor/ldrobot-lidar-ros2/images) by extensions ['colcon_meta']
[0.300s] Level 1:colcon.colcon_core.package_identification:_identify(/home/rafal/hike_grid/src/vendor/ldrobot-lidar-ros2/images) by extension 'colcon_meta'
[0.300s] Level 1:colcon.colcon_core.package_identification:_identify(/home/rafal/hike_grid/src/vendor/ldrobot-lidar-ros2/images) by extensions ['ros']
[0.300s] Level 1:colcon.colcon_core.package_identification:_identify(/home/rafal/hike_grid/src/vendor/ldrobot-lidar-ros2/images) by extension 'ros'
[0.300s] Level 1:colcon.colcon_core.package_identification:_identify(/home/rafal/hike_grid/src/vendor/ldrobot-lidar-ros2/images) by extensions ['cmake', 'python']
[0.300s] Level 1:colcon.colcon_core.package_identification:_identify(/home/rafal/hike_grid/src/vendor/ldrobot-lidar-ros2/images) by extension 'cmake'
[0.300s] Level 1:colcon.colcon_core.package_identification:_identify(/home/rafal/hike_grid/src/vendor/ldrobot-lidar-ros2/images) by extension 'python'
[0.300s] Level 1:colcon.colcon_core.package_identification:_identify(/home/rafal/hike_grid/src/vendor/ldrobot-lidar-ros2/images) by extensions ['python_setup_py']
[0.300s] Level 1:colcon.colcon_core.package_identification:_identify(/home/rafal/hike_grid/src/vendor/ldrobot-lidar-ros2/images) by extension 'python_setup_py'
[0.300s] Level 1:colcon.colcon_core.package_identification:_identify(/home/rafal/hike_grid/src/vendor/ldrobot-lidar-ros2/ldlidar) by extensions ['ignore', 'ignore_ament_install']
[0.300s] Level 1:colcon.colcon_core.package_identification:_identify(/home/rafal/hike_grid/src/vendor/ldrobot-lidar-ros2/ldlidar) by extension 'ignore'
[0.300s] Level 1:colcon.colcon_core.package_identification:_identify(/home/rafal/hike_grid/src/vendor/ldrobot-lidar-ros2/ldlidar) by extension 'ignore_ament_install'
[0.300s] Level 1:colcon.colcon_core.package_identification:_identify(/home/rafal/hike_grid/src/vendor/ldrobot-lidar-ros2/ldlidar) by extensions ['colcon_pkg']
[0.300s] Level 1:colcon.colcon_core.package_identification:_identify(/home/rafal/hike_grid/src/vendor/ldrobot-lidar-ros2/ldlidar) by extension 'colcon_pkg'
[0.300s] Level 1:colcon.colcon_core.package_identification:_identify(/home/rafal/hike_grid/src/vendor/ldrobot-lidar-ros2/ldlidar) by extensions ['colcon_meta']
[0.300s] Level 1:colcon.colcon_core.package_identification:_identify(/home/rafal/hike_grid/src/vendor/ldrobot-lidar-ros2/ldlidar) by extension 'colcon_meta'
[0.300s] Level 1:colcon.colcon_core.package_identification:_identify(/home/rafal/hike_grid/src/vendor/ldrobot-lidar-ros2/ldlidar) by extensions ['ros']
[0.300s] Level 1:colcon.colcon_core.package_identification:_identify(/home/rafal/hike_grid/src/vendor/ldrobot-lidar-ros2/ldlidar) by extension 'ros'
[0.301s] DEBUG:colcon.colcon_core.package_identification:Package '/home/rafal/hike_grid/src/vendor/ldrobot-lidar-ros2/ldlidar' with type 'ros.ament_cmake' and name 'ldlidar'
[0.301s] Level 1:colcon.colcon_core.package_identification:_identify(/home/rafal/hike_grid/src/vendor/ldrobot-lidar-ros2/ldlidar_component) by extensions ['ignore', 'ignore_ament_install']
[0.301s] Level 1:colcon.colcon_core.package_identification:_identify(/home/rafal/hike_grid/src/vendor/ldrobot-lidar-ros2/ldlidar_component) by extension 'ignore'
[0.301s] Level 1:colcon.colcon_core.package_identification:_identify(/home/rafal/hike_grid/src/vendor/ldrobot-lidar-ros2/ldlidar_component) by extension 'ignore_ament_install'
[0.301s] Level 1:colcon.colcon_core.package_identification:_identify(/home/rafal/hike_grid/src/vendor/ldrobot-lidar-ros2/ldlidar_component) by extensions ['colcon_pkg']
[0.301s] Level 1:colcon.colcon_core.package_identification:_identify(/home/rafal/hike_grid/src/vendor/ldrobot-lidar-ros2/ldlidar_component) by extension 'colcon_pkg'
[0.301s] Level 1:colcon.colcon_core.package_identification:_identify(/home/rafal/hike_grid/src/vendor/ldrobot-lidar-ros2/ldlidar_component) by extensions ['colcon_meta']
[0.301s] Level 1:colcon.colcon_core.package_identification:_identify(/home/rafal/hike_grid/src/vendor/ldrobot-lidar-ros2/ldlidar_component) by extension 'colcon_meta'
[0.301s] Level 1:colcon.colcon_core.package_identification:_identify(/home/rafal/hike_grid/src/vendor/ldrobot-lidar-ros2/ldlidar_component) by extensions ['ros']
[0.301s] Level 1:colcon.colcon_core.package_identification:_identify(/home/rafal/hike_grid/src/vendor/ldrobot-lidar-ros2/ldlidar_component) by extension 'ros'
[0.303s] DEBUG:colcon.colcon_core.package_identification:Package '/home/rafal/hike_grid/src/vendor/ldrobot-lidar-ros2/ldlidar_component' with type 'ros.ament_cmake' and name 'ldlidar_component'
[0.303s] Level 1:colcon.colcon_core.package_identification:_identify(/home/rafal/hike_grid/src/vendor/ldrobot-lidar-ros2/ldlidar_node) by extensions ['ignore', 'ignore_ament_install']
[0.303s] Level 1:colcon.colcon_core.package_identification:_identify(/home/rafal/hike_grid/src/vendor/ldrobot-lidar-ros2/ldlidar_node) by extension 'ignore'
[0.303s] Level 1:colcon.colcon_core.package_identification:_identify(/home/rafal/hike_grid/src/vendor/ldrobot-lidar-ros2/ldlidar_node) by extension 'ignore_ament_install'
[0.303s] Level 1:colcon.colcon_core.package_identification:_identify(/home/rafal/hike_grid/src/vendor/ldrobot-lidar-ros2/ldlidar_node) by extensions ['colcon_pkg']
[0.303s] Level 1:colcon.colcon_core.package_identification:_identify(/home/rafal/hike_grid/src/vendor/ldrobot-lidar-ros2/ldlidar_node) by extension 'colcon_pkg'
[0.303s] Level 1:colcon.colcon_core.package_identification:_identify(/home/rafal/hike_grid/src/vendor/ldrobot-lidar-ros2/ldlidar_node) by extensions ['colcon_meta']
[0.303s] Level 1:colcon.colcon_core.package_identification:_identify(/home/rafal/hike_grid/src/vendor/ldrobot-lidar-ros2/ldlidar_node) by extension 'colcon_meta'
[0.303s] Level 1:colcon.colcon_core.package_identification:_identify(/home/rafal/hike_grid/src/vendor/ldrobot-lidar-ros2/ldlidar_node) by extensions ['ros']
[0.303s] Level 1:colcon.colcon_core.package_identification:_identify(/home/rafal/hike_grid/src/vendor/ldrobot-lidar-ros2/ldlidar_node) by extension 'ros'
[0.304s] DEBUG:colcon.colcon_core.package_identification:Package '/home/rafal/hike_grid/src/vendor/ldrobot-lidar-ros2/ldlidar_node' with type 'ros.ament_cmake' and name 'ldlidar_node'
[0.304s] Level 1:colcon.colcon_core.package_identification:_identify(/home/rafal/hike_grid/src/vendor/ldrobot-lidar-ros2/rules) by extensions ['ignore', 'ignore_ament_install']
[0.304s] Level 1:colcon.colcon_core.package_identification:_identify(/home/rafal/hike_grid/src/vendor/ldrobot-lidar-ros2/rules) by extension 'ignore'
[0.304s] Level 1:colcon.colcon_core.package_identification:_identify(/home/rafal/hike_grid/src/vendor/ldrobot-lidar-ros2/rules) by extension 'ignore_ament_install'
[0.304s] Level 1:colcon.colcon_core.package_identification:_identify(/home/rafal/hike_grid/src/vendor/ldrobot-lidar-ros2/rules) by extensions ['colcon_pkg']
[0.304s] Level 1:colcon.colcon_core.package_identification:_identify(/home/rafal/hike_grid/src/vendor/ldrobot-lidar-ros2/rules) by extension 'colcon_pkg'
[0.304s] Level 1:colcon.colcon_core.package_identification:_identify(/home/rafal/hike_grid/src/vendor/ldrobot-lidar-ros2/rules) by extensions ['colcon_meta']
[0.304s] Level 1:colcon.colcon_core.package_identification:_identify(/home/rafal/hike_grid/src/vendor/ldrobot-lidar-ros2/rules) by extension 'colcon_meta'
[0.304s] Level 1:colcon.colcon_core.package_identification:_identify(/home/rafal/hike_grid/src/vendor/ldrobot-lidar-ros2/rules) by extensions ['ros']
[0.304s] Level 1:colcon.colcon_core.package_identification:_identify(/home/rafal/hike_grid/src/vendor/ldrobot-lidar-ros2/rules) by extension 'ros'
[0.304s] Level 1:colcon.colcon_core.package_identification:_identify(/home/rafal/hike_grid/src/vendor/ldrobot-lidar-ros2/rules) by extensions ['cmake', 'python']
[0.304s] Level 1:colcon.colcon_core.package_identification:_identify(/home/rafal/hike_grid/src/vendor/ldrobot-lidar-ros2/rules) by extension 'cmake'
[0.304s] Level 1:colcon.colcon_core.package_identification:_identify(/home/rafal/hike_grid/src/vendor/ldrobot-lidar-ros2/rules) by extension 'python'
[0.304s] Level 1:colcon.colcon_core.package_identification:_identify(/home/rafal/hike_grid/src/vendor/ldrobot-lidar-ros2/rules) by extensions ['python_setup_py']
[0.304s] Level 1:colcon.colcon_core.package_identification:_identify(/home/rafal/hike_grid/src/vendor/ldrobot-lidar-ros2/rules) by extension 'python_setup_py'
[0.305s] Level 1:colcon.colcon_core.package_identification:_identify(/home/rafal/hike_grid/src/vendor/ldrobot-lidar-ros2/scripts) by extensions ['ignore', 'ignore_ament_install']
[0.305s] Level 1:colcon.colcon_core.package_identification:_identify(/home/rafal/hike_grid/src/vendor/ldrobot-lidar-ros2/scripts) by extension 'ignore'
[0.305s] Level 1:colcon.colcon_core.package_identification:_identify(/home/rafal/hike_grid/src/vendor/ldrobot-lidar-ros2/scripts) by extension 'ignore_ament_install'
[0.305s] Level 1:colcon.colcon_core.package_identification:_identify(/home/rafal/hike_grid/src/vendor/ldrobot-lidar-ros2/scripts) by extensions ['colcon_pkg']
[0.305s] Level 1:colcon.colcon_core.package_identification:_identify(/home/rafal/hike_grid/src/vendor/ldrobot-lidar-ros2/scripts) by extension 'colcon_pkg'
[0.305s] Level 1:colcon.colcon_core.package_identification:_identify(/home/rafal/hike_grid/src/vendor/ldrobot-lidar-ros2/scripts) by extensions ['colcon_meta']
[0.305s] Level 1:colcon.colcon_core.package_identification:_identify(/home/rafal/hike_grid/src/vendor/ldrobot-lidar-ros2/scripts) by extension 'colcon_meta'
[0.305s] Level 1:colcon.colcon_core.package_identification:_identify(/home/rafal/hike_grid/src/vendor/ldrobot-lidar-ros2/scripts) by extensions ['ros']
[0.305s] Level 1:colcon.colcon_core.package_identification:_identify(/home/rafal/hike_grid/src/vendor/ldrobot-lidar-ros2/scripts) by extension 'ros'
[0.305s] Level 1:colcon.colcon_core.package_identification:_identify(/home/rafal/hike_grid/src/vendor/ldrobot-lidar-ros2/scripts) by extensions ['cmake', 'python']
[0.305s] Level 1:colcon.colcon_core.package_identification:_identify(/home/rafal/hike_grid/src/vendor/ldrobot-lidar-ros2/scripts) by extension 'cmake'
[0.305s] Level 1:colcon.colcon_core.package_identification:_identify(/home/rafal/hike_grid/src/vendor/ldrobot-lidar-ros2/scripts) by extension 'python'
[0.305s] Level 1:colcon.colcon_core.package_identification:_identify(/home/rafal/hike_grid/src/vendor/ldrobot-lidar-ros2/scripts) by extensions ['python_setup_py']
[0.305s] Level 1:colcon.colcon_core.package_identification:_identify(/home/rafal/hike_grid/src/vendor/ldrobot-lidar-ros2/scripts) by extension 'python_setup_py'
[0.305s] Level 1:colcon.colcon_core.package_identification:_identify(/home/rafal/hike_grid/src/vendor/ros_aruco_opencv) by extensions ['ignore', 'ignore_ament_install']
[0.305s] Level 1:colcon.colcon_core.package_identification:_identify(/home/rafal/hike_grid/src/vendor/ros_aruco_opencv) by extension 'ignore'
[0.305s] Level 1:colcon.colcon_core.package_identification:_identify(/home/rafal/hike_grid/src/vendor/ros_aruco_opencv) by extension 'ignore_ament_install'
[0.305s] Level 1:colcon.colcon_core.package_identification:_identify(/home/rafal/hike_grid/src/vendor/ros_aruco_opencv) by extensions ['colcon_pkg']
[0.305s] Level 1:colcon.colcon_core.package_identification:_identify(/home/rafal/hike_grid/src/vendor/ros_aruco_opencv) by extension 'colcon_pkg'
[0.305s] Level 1:colcon.colcon_core.package_identification:_identify(/home/rafal/hike_grid/src/vendor/ros_aruco_opencv) by extensions ['colcon_meta']
[0.305s] Level 1:colcon.colcon_core.package_identification:_identify(/home/rafal/hike_grid/src/vendor/ros_aruco_opencv) by extension 'colcon_meta'
[0.305s] Level 1:colcon.colcon_core.package_identification:_identify(/home/rafal/hike_grid/src/vendor/ros_aruco_opencv) by extensions ['ros']
[0.305s] Level 1:colcon.colcon_core.package_identification:_identify(/home/rafal/hike_grid/src/vendor/ros_aruco_opencv) by extension 'ros'
[0.305s] Level 1:colcon.colcon_core.package_identification:_identify(/home/rafal/hike_grid/src/vendor/ros_aruco_opencv) by extensions ['cmake', 'python']
[0.305s] Level 1:colcon.colcon_core.package_identification:_identify(/home/rafal/hike_grid/src/vendor/ros_aruco_opencv) by extension 'cmake'
[0.305s] Level 1:colcon.colcon_core.package_identification:_identify(/home/rafal/hike_grid/src/vendor/ros_aruco_opencv) by extension 'python'
[0.305s] Level 1:colcon.colcon_core.package_identification:_identify(/home/rafal/hike_grid/src/vendor/ros_aruco_opencv) by extensions ['python_setup_py']
[0.305s] Level 1:colcon.colcon_core.package_identification:_identify(/home/rafal/hike_grid/src/vendor/ros_aruco_opencv) by extension 'python_setup_py'
[0.305s] Level 1:colcon.colcon_core.package_identification:_identify(/home/rafal/hike_grid/src/vendor/ros_aruco_opencv/aruco_opencv) by extensions ['ignore', 'ignore_ament_install']
[0.306s] Level 1:colcon.colcon_core.package_identification:_identify(/home/rafal/hike_grid/src/vendor/ros_aruco_opencv/aruco_opencv) by extension 'ignore'
[0.306s] Level 1:colcon.colcon_core.package_identification:_identify(/home/rafal/hike_grid/src/vendor/ros_aruco_opencv/aruco_opencv) by extension 'ignore_ament_install'
[0.306s] Level 1:colcon.colcon_core.package_identification:_identify(/home/rafal/hike_grid/src/vendor/ros_aruco_opencv/aruco_opencv) by extensions ['colcon_pkg']
[0.306s] Level 1:colcon.colcon_core.package_identification:_identify(/home/rafal/hike_grid/src/vendor/ros_aruco_opencv/aruco_opencv) by extension 'colcon_pkg'
[0.306s] Level 1:colcon.colcon_core.package_identification:_identify(/home/rafal/hike_grid/src/vendor/ros_aruco_opencv/aruco_opencv) by extensions ['colcon_meta']
[0.306s] Level 1:colcon.colcon_core.package_identification:_identify(/home/rafal/hike_grid/src/vendor/ros_aruco_opencv/aruco_opencv) by extension 'colcon_meta'
[0.306s] Level 1:colcon.colcon_core.package_identification:_identify(/home/rafal/hike_grid/src/vendor/ros_aruco_opencv/aruco_opencv) by extensions ['ros']
[0.306s] Level 1:colcon.colcon_core.package_identification:_identify(/home/rafal/hike_grid/src/vendor/ros_aruco_opencv/aruco_opencv) by extension 'ros'
[0.307s] DEBUG:colcon.colcon_core.package_identification:Package '/home/rafal/hike_grid/src/vendor/ros_aruco_opencv/aruco_opencv' with type 'ros.ament_cmake' and name 'aruco_opencv'
[0.307s] Level 1:colcon.colcon_core.package_identification:_identify(/home/rafal/hike_grid/src/vendor/ros_aruco_opencv/aruco_opencv_msgs) by extensions ['ignore', 'ignore_ament_install']
[0.307s] Level 1:colcon.colcon_core.package_identification:_identify(/home/rafal/hike_grid/src/vendor/ros_aruco_opencv/aruco_opencv_msgs) by extension 'ignore'
[0.307s] Level 1:colcon.colcon_core.package_identification:_identify(/home/rafal/hike_grid/src/vendor/ros_aruco_opencv/aruco_opencv_msgs) by extension 'ignore_ament_install'
[0.307s] Level 1:colcon.colcon_core.package_identification:_identify(/home/rafal/hike_grid/src/vendor/ros_aruco_opencv/aruco_opencv_msgs) by extensions ['colcon_pkg']
[0.307s] Level 1:colcon.colcon_core.package_identification:_identify(/home/rafal/hike_grid/src/vendor/ros_aruco_opencv/aruco_opencv_msgs) by extension 'colcon_pkg'
[0.307s] Level 1:colcon.colcon_core.package_identification:_identify(/home/rafal/hike_grid/src/vendor/ros_aruco_opencv/aruco_opencv_msgs) by extensions ['colcon_meta']
[0.307s] Level 1:colcon.colcon_core.package_identification:_identify(/home/rafal/hike_grid/src/vendor/ros_aruco_opencv/aruco_opencv_msgs) by extension 'colcon_meta'
[0.307s] Level 1:colcon.colcon_core.package_identification:_identify(/home/rafal/hike_grid/src/vendor/ros_aruco_opencv/aruco_opencv_msgs) by extensions ['ros']
[0.307s] Level 1:colcon.colcon_core.package_identification:_identify(/home/rafal/hike_grid/src/vendor/ros_aruco_opencv/aruco_opencv_msgs) by extension 'ros'
[0.307s] DEBUG:colcon.colcon_core.package_identification:Package '/home/rafal/hike_grid/src/vendor/ros_aruco_opencv/aruco_opencv_msgs' with type 'ros.ament_cmake' and name 'aruco_opencv_msgs'
[0.308s] Level 1:colcon.colcon_core.package_identification:_identify(/home/rafal/hike_grid/src/vendor/vision_opencv) by extensions ['ignore', 'ignore_ament_install']
[0.308s] Level 1:colcon.colcon_core.package_identification:_identify(/home/rafal/hike_grid/src/vendor/vision_opencv) by extension 'ignore'
[0.308s] Level 1:colcon.colcon_core.package_identification:_identify(/home/rafal/hike_grid/src/vendor/vision_opencv) by extension 'ignore_ament_install'
[0.308s] Level 1:colcon.colcon_core.package_identification:_identify(/home/rafal/hike_grid/src/vendor/vision_opencv) by extensions ['colcon_pkg']
[0.308s] Level 1:colcon.colcon_core.package_identification:_identify(/home/rafal/hike_grid/src/vendor/vision_opencv) by extension 'colcon_pkg'
[0.308s] Level 1:colcon.colcon_core.package_identification:_identify(/home/rafal/hike_grid/src/vendor/vision_opencv) by extensions ['colcon_meta']
[0.308s] Level 1:colcon.colcon_core.package_identification:_identify(/home/rafal/hike_grid/src/vendor/vision_opencv) by extension 'colcon_meta'
[0.308s] Level 1:colcon.colcon_core.package_identification:_identify(/home/rafal/hike_grid/src/vendor/vision_opencv) by extensions ['ros']
[0.308s] Level 1:colcon.colcon_core.package_identification:_identify(/home/rafal/hike_grid/src/vendor/vision_opencv) by extension 'ros'
[0.308s] Level 1:colcon.colcon_core.package_identification:_identify(/home/rafal/hike_grid/src/vendor/vision_opencv) by extensions ['cmake', 'python']
[0.308s] Level 1:colcon.colcon_core.package_identification:_identify(/home/rafal/hike_grid/src/vendor/vision_opencv) by extension 'cmake'
[0.308s] Level 1:colcon.colcon_core.package_identification:_identify(/home/rafal/hike_grid/src/vendor/vision_opencv) by extension 'python'
[0.308s] Level 1:colcon.colcon_core.package_identification:_identify(/home/rafal/hike_grid/src/vendor/vision_opencv) by extensions ['python_setup_py']
[0.308s] Level 1:colcon.colcon_core.package_identification:_identify(/home/rafal/hike_grid/src/vendor/vision_opencv) by extension 'python_setup_py'
[0.308s] Level 1:colcon.colcon_core.package_identification:_identify(/home/rafal/hike_grid/src/vendor/vision_opencv/cv_bridge) by extensions ['ignore', 'ignore_ament_install']
[0.308s] Level 1:colcon.colcon_core.package_identification:_identify(/home/rafal/hike_grid/src/vendor/vision_opencv/cv_bridge) by extension 'ignore'
[0.308s] Level 1:colcon.colcon_core.package_identification:_identify(/home/rafal/hike_grid/src/vendor/vision_opencv/cv_bridge) by extension 'ignore_ament_install'
[0.308s] Level 1:colcon.colcon_core.package_identification:_identify(/home/rafal/hike_grid/src/vendor/vision_opencv/cv_bridge) by extensions ['colcon_pkg']
[0.308s] Level 1:colcon.colcon_core.package_identification:_identify(/home/rafal/hike_grid/src/vendor/vision_opencv/cv_bridge) by extension 'colcon_pkg'
[0.308s] Level 1:colcon.colcon_core.package_identification:_identify(/home/rafal/hike_grid/src/vendor/vision_opencv/cv_bridge) by extensions ['colcon_meta']
[0.308s] Level 1:colcon.colcon_core.package_identification:_identify(/home/rafal/hike_grid/src/vendor/vision_opencv/cv_bridge) by extension 'colcon_meta'
[0.308s] Level 1:colcon.colcon_core.package_identification:_identify(/home/rafal/hike_grid/src/vendor/vision_opencv/cv_bridge) by extensions ['ros']
[0.308s] Level 1:colcon.colcon_core.package_identification:_identify(/home/rafal/hike_grid/src/vendor/vision_opencv/cv_bridge) by extension 'ros'
[0.323s] DEBUG:colcon.colcon_core.package_identification:Package '/home/rafal/hike_grid/src/vendor/vision_opencv/cv_bridge' with type 'ros.ament_cmake' and name 'cv_bridge'
[0.323s] Level 1:colcon.colcon_core.package_identification:_identify(/home/rafal/hike_grid/src/vendor/vision_opencv/image_geometry) by extensions ['ignore', 'ignore_ament_install']
[0.323s] Level 1:colcon.colcon_core.package_identification:_identify(/home/rafal/hike_grid/src/vendor/vision_opencv/image_geometry) by extension 'ignore'
[0.323s] Level 1:colcon.colcon_core.package_identification:_identify(/home/rafal/hike_grid/src/vendor/vision_opencv/image_geometry) by extension 'ignore_ament_install'
[0.323s] Level 1:colcon.colcon_core.package_identification:_identify(/home/rafal/hike_grid/src/vendor/vision_opencv/image_geometry) by extensions ['colcon_pkg']
[0.323s] Level 1:colcon.colcon_core.package_identification:_identify(/home/rafal/hike_grid/src/vendor/vision_opencv/image_geometry) by extension 'colcon_pkg'
[0.323s] Level 1:colcon.colcon_core.package_identification:_identify(/home/rafal/hike_grid/src/vendor/vision_opencv/image_geometry) by extensions ['colcon_meta']
[0.323s] Level 1:colcon.colcon_core.package_identification:_identify(/home/rafal/hike_grid/src/vendor/vision_opencv/image_geometry) by extension 'colcon_meta'
[0.323s] Level 1:colcon.colcon_core.package_identification:_identify(/home/rafal/hike_grid/src/vendor/vision_opencv/image_geometry) by extensions ['ros']
[0.323s] Level 1:colcon.colcon_core.package_identification:_identify(/home/rafal/hike_grid/src/vendor/vision_opencv/image_geometry) by extension 'ros'
[0.324s] DEBUG:colcon.colcon_core.package_identification:Package '/home/rafal/hike_grid/src/vendor/vision_opencv/image_geometry' with type 'ros.ament_cmake' and name 'image_geometry'
[0.324s] Level 1:colcon.colcon_core.package_identification:_identify(/home/rafal/hike_grid/src/vendor/vision_opencv/opencv_tests) by extensions ['ignore', 'ignore_ament_install']
[0.324s] Level 1:colcon.colcon_core.package_identification:_identify(/home/rafal/hike_grid/src/vendor/vision_opencv/opencv_tests) by extension 'ignore'
[0.324s] Level 1:colcon.colcon_core.package_identification:_identify(/home/rafal/hike_grid/src/vendor/vision_opencv/opencv_tests) by extension 'ignore_ament_install'
[0.324s] Level 1:colcon.colcon_core.package_identification:_identify(/home/rafal/hike_grid/src/vendor/vision_opencv/opencv_tests) by extensions ['colcon_pkg']
[0.324s] Level 1:colcon.colcon_core.package_identification:_identify(/home/rafal/hike_grid/src/vendor/vision_opencv/opencv_tests) by extension 'colcon_pkg'
[0.324s] Level 1:colcon.colcon_core.package_identification:_identify(/home/rafal/hike_grid/src/vendor/vision_opencv/opencv_tests) by extensions ['colcon_meta']
[0.324s] Level 1:colcon.colcon_core.package_identification:_identify(/home/rafal/hike_grid/src/vendor/vision_opencv/opencv_tests) by extension 'colcon_meta'
[0.324s] Level 1:colcon.colcon_core.package_identification:_identify(/home/rafal/hike_grid/src/vendor/vision_opencv/opencv_tests) by extensions ['ros']
[0.325s] Level 1:colcon.colcon_core.package_identification:_identify(/home/rafal/hike_grid/src/vendor/vision_opencv/opencv_tests) by extension 'ros'
[0.325s] DEBUG:colcon.colcon_core.package_identification:Package '/home/rafal/hike_grid/src/vendor/vision_opencv/opencv_tests' with type 'ros.ament_python' and name 'opencv_tests'
[0.325s] Level 1:colcon.colcon_core.package_identification:_identify(/home/rafal/hike_grid/src/vendor/vision_opencv/vision_opencv) by extensions ['ignore', 'ignore_ament_install']
[0.325s] Level 1:colcon.colcon_core.package_identification:_identify(/home/rafal/hike_grid/src/vendor/vision_opencv/vision_opencv) by extension 'ignore'
[0.325s] Level 1:colcon.colcon_core.package_identification:_identify(/home/rafal/hike_grid/src/vendor/vision_opencv/vision_opencv) by extension 'ignore_ament_install'
[0.325s] Level 1:colcon.colcon_core.package_identification:_identify(/home/rafal/hike_grid/src/vendor/vision_opencv/vision_opencv) by extensions ['colcon_pkg']
[0.325s] Level 1:colcon.colcon_core.package_identification:_identify(/home/rafal/hike_grid/src/vendor/vision_opencv/vision_opencv) by extension 'colcon_pkg'
[0.325s] Level 1:colcon.colcon_core.package_identification:_identify(/home/rafal/hike_grid/src/vendor/vision_opencv/vision_opencv) by extensions ['colcon_meta']
[0.325s] Level 1:colcon.colcon_core.package_identification:_identify(/home/rafal/hike_grid/src/vendor/vision_opencv/vision_opencv) by extension 'colcon_meta'
[0.325s] Level 1:colcon.colcon_core.package_identification:_identify(/home/rafal/hike_grid/src/vendor/vision_opencv/vision_opencv) by extensions ['ros']
[0.325s] Level 1:colcon.colcon_core.package_identification:_identify(/home/rafal/hike_grid/src/vendor/vision_opencv/vision_opencv) by extension 'ros'
[0.326s] DEBUG:colcon.colcon_core.package_identification:Package '/home/rafal/hike_grid/src/vendor/vision_opencv/vision_opencv' with type 'ros.ament_cmake' and name 'vision_opencv'
[0.326s] Level 1:colcon.colcon_core.package_discovery:discover_packages(recursive) using defaults
